<?xml version="1.0" encoding="UTF-8" ?>
<testsuite failures="0" time="0.031" errors="0" skipped="0" tests="2" name="it.superbudget.ResourcesBundlesUtilTest">
  <properties>
    <property name="java.runtime.name" value="Java(TM) SE Runtime Environment"/>
    <property name="sun.boot.library.path" value="C:\Program Files\Java\jdk1.6.0_21\jre\bin"/>
    <property name="java.vm.version" value="17.0-b17"/>
    <property name="java.vm.vendor" value="Sun Microsystems Inc."/>
    <property name="java.vendor.url" value="http://java.sun.com/"/>
    <property name="path.separator" value=";"/>
    <property name="java.vm.name" value="Java HotSpot(TM) Client VM"/>
    <property name="file.encoding.pkg" value="sun.io"/>
    <property name="user.country" value="IT"/>
    <property name="sun.java.launcher" value="SUN_STANDARD"/>
    <property name="sun.os.patch.level" value="Service Pack 1"/>
    <property name="java.vm.specification.name" value="Java Virtual Machine Specification"/>
    <property name="user.dir" value="C:\Users\muia\workspace\programmi\superbudget"/>
    <property name="java.runtime.version" value="1.6.0_21-b07"/>
    <property name="java.awt.graphicsenv" value="sun.awt.Win32GraphicsEnvironment"/>
    <property name="basedir" value="C:\Users\muia\workspace\programmi\superbudget"/>
    <property name="java.endorsed.dirs" value="C:\Program Files\Java\jdk1.6.0_21\jre\lib\endorsed"/>
    <property name="os.arch" value="x86"/>
    <property name="surefire.real.class.path" value="C:\Users\muia\workspace\programmi\superbudget\target\surefire\surefirebooter7009117158922233806.jar"/>
    <property name="java.io.tmpdir" value="C:\Users\muia\AppData\Local\Temp\"/>
    <property name="line.separator" value="
"/>
    <property name="java.vm.specification.vendor" value="Sun Microsystems Inc."/>
    <property name="user.variant" value=""/>
    <property name="os.name" value="Windows 7"/>
    <property name="sun.jnu.encoding" value="Cp1252"/>
    <property name="java.library.path" value="C:\Program Files\Java\jdk1.6.0_21\jre\bin;.;C:\Windows\Sun\Java\bin;C:\Windows\system32;C:\Windows;C:\Program Files\Common Files\Microsoft Shared\Windows Live;C:\Program Files\PHP\php-4.4.9\;C:\Windows\system32;C:\Windows;C:\Windows\System32\Wbem;C:\Windows\System32\WindowsPowerShell\v1.0\;C:\Program Files\Dell\Dell Wireless WLAN Card;C:\Program Files\Common Files\Roxio Shared\DLLShared\;C:\Program Files\Common Files\Roxio Shared\10.0\DLLShared\;C:\Program Files\Calibre2\;C:\Program Files\Bitvise Tunnelier;C:\Users\muia\Documents\Programmi\apache-maven-3.0.3\bin;C:\Program Files\Java\jdk1.6.0_21\bin;C:\Program Files\QuickTime\QTSystem\;C:\Program Files\Subversion\bin;c:\Program Files\Microsoft SQL Server\100\Tools\Binn\;c:\Program Files\Microsoft SQL Server\100\DTS\Binn\;c:\Program Files\Microsoft SQL Server\100\Tools\Binn\VSShell\Common7\IDE\;C:\Program Files\jEdit;C:\Program Files\Git\cmd;C:\Users\muia\Documents\Programmi\Mercurial;C:\Users\muia\Documents\Programmi\putty;"/>
    <property name="surefire.test.class.path" value="C:\Users\muia\workspace\programmi\superbudget\target\test-classes;C:\Users\muia\workspace\programmi\superbudget\target\classes;C:\Users\muia\.m2\repository\junit\junit\3.8.1\junit-3.8.1.jar;C:\Users\muia\.m2\repository\org\dbunit\dbunit\2.2\dbunit-2.2.jar;C:\Users\muia\.m2\repository\junit-addons\junit-addons\1.4\junit-addons-1.4.jar;C:\Users\muia\.m2\repository\xerces\xercesImpl\2.6.2\xercesImpl-2.6.2.jar;C:\Users\muia\.m2\repository\xerces\xmlParserAPIs\2.6.2\xmlParserAPIs-2.6.2.jar;C:\Users\muia\.m2\repository\poi\poi\2.5.1-final-20040804\poi-2.5.1-final-20040804.jar;C:\Users\muia\.m2\repository\commons-collections\commons-collections\3.1\commons-collections-3.1.jar;C:\Users\muia\.m2\repository\commons-logging\commons-logging\1.0.4\commons-logging-1.0.4.jar;C:\Users\muia\.m2\repository\org\eclipse\persistence\eclipselink\2.0.0\eclipselink-2.0.0.jar;C:\Users\muia\.m2\repository\org\eclipse\persistence\javax.persistence\2.0.0\javax.persistence-2.0.0.jar;C:\Users\muia\.m2\repository\log4j\log4j\1.2.16\log4j-1.2.16.jar;C:\Users\muia\.m2\repository\org\apache\derby\derby\10.7.1.1\derby-10.7.1.1.jar;C:\Users\muia\.m2\repository\com\jgoodies\forms\1.2.1\forms-1.2.1.jar;C:\Users\muia\.m2\repository\commons-lang\commons-lang\20030203.000129\commons-lang-20030203.000129.jar;"/>
    <property name="java.specification.name" value="Java Platform API Specification"/>
    <property name="java.class.version" value="50.0"/>
    <property name="sun.management.compiler" value="HotSpot Client Compiler"/>
    <property name="os.version" value="6.1"/>
    <property name="user.home" value="C:\Users\muia"/>
    <property name="user.timezone" value=""/>
    <property name="java.awt.printerjob" value="sun.awt.windows.WPrinterJob"/>
    <property name="java.specification.version" value="1.6"/>
    <property name="file.encoding" value="Cp1252"/>
    <property name="user.name" value="muia"/>
    <property name="java.class.path" value="C:\Users\muia\workspace\programmi\superbudget\target\test-classes;C:\Users\muia\workspace\programmi\superbudget\target\classes;C:\Users\muia\.m2\repository\junit\junit\3.8.1\junit-3.8.1.jar;C:\Users\muia\.m2\repository\org\dbunit\dbunit\2.2\dbunit-2.2.jar;C:\Users\muia\.m2\repository\junit-addons\junit-addons\1.4\junit-addons-1.4.jar;C:\Users\muia\.m2\repository\xerces\xercesImpl\2.6.2\xercesImpl-2.6.2.jar;C:\Users\muia\.m2\repository\xerces\xmlParserAPIs\2.6.2\xmlParserAPIs-2.6.2.jar;C:\Users\muia\.m2\repository\poi\poi\2.5.1-final-20040804\poi-2.5.1-final-20040804.jar;C:\Users\muia\.m2\repository\commons-collections\commons-collections\3.1\commons-collections-3.1.jar;C:\Users\muia\.m2\repository\commons-logging\commons-logging\1.0.4\commons-logging-1.0.4.jar;C:\Users\muia\.m2\repository\org\eclipse\persistence\eclipselink\2.0.0\eclipselink-2.0.0.jar;C:\Users\muia\.m2\repository\org\eclipse\persistence\javax.persistence\2.0.0\javax.persistence-2.0.0.jar;C:\Users\muia\.m2\repository\log4j\log4j\1.2.16\log4j-1.2.16.jar;C:\Users\muia\.m2\repository\org\apache\derby\derby\10.7.1.1\derby-10.7.1.1.jar;C:\Users\muia\.m2\repository\com\jgoodies\forms\1.2.1\forms-1.2.1.jar;C:\Users\muia\.m2\repository\commons-lang\commons-lang\20030203.000129\commons-lang-20030203.000129.jar;"/>
    <property name="java.vm.specification.version" value="1.0"/>
    <property name="sun.arch.data.model" value="32"/>
    <property name="java.home" value="C:\Program Files\Java\jdk1.6.0_21\jre"/>
    <property name="java.specification.vendor" value="Sun Microsystems Inc."/>
    <property name="user.language" value="it"/>
    <property name="awt.toolkit" value="sun.awt.windows.WToolkit"/>
    <property name="java.vm.info" value="mixed mode, sharing"/>
    <property name="java.version" value="1.6.0_21"/>
    <property name="java.ext.dirs" value="C:\Program Files\Java\jdk1.6.0_21\jre\lib\ext;C:\Windows\Sun\Java\lib\ext"/>
    <property name="sun.boot.class.path" value="C:\Program Files\Java\jdk1.6.0_21\jre\lib\resources.jar;C:\Program Files\Java\jdk1.6.0_21\jre\lib\rt.jar;C:\Program Files\Java\jdk1.6.0_21\jre\lib\sunrsasign.jar;C:\Program Files\Java\jdk1.6.0_21\jre\lib\jsse.jar;C:\Program Files\Java\jdk1.6.0_21\jre\lib\jce.jar;C:\Program Files\Java\jdk1.6.0_21\jre\lib\charsets.jar;C:\Program Files\Java\jdk1.6.0_21\jre\classes"/>
    <property name="java.vendor" value="Sun Microsystems Inc."/>
    <property name="localRepository" value="C:\Users\muia\.m2\repository"/>
    <property name="file.separator" value="\"/>
    <property name="java.vendor.url.bug" value="http://java.sun.com/cgi-bin/bugreport.cgi"/>
    <property name="sun.cpu.endian" value="little"/>
    <property name="sun.io.unicode.encoding" value="UnicodeLittle"/>
    <property name="sun.desktop" value="windows"/>
    <property name="sun.cpu.isalist" value="pentium_pro+mmx pentium_pro pentium+mmx pentium i486 i386 i86"/>
  </properties>
  <testcase time="0" classname="it.superbudget.ResourcesBundlesUtilTest" name="testGetLabelsBundles"/>
  <testcase time="0" classname="it.superbudget.ResourcesBundlesUtilTest" name="testGetApplicationVersion"/>
</testsuite>